TN:
SF:src\app\app.component.ts
FN:12,(anonymous_0)
FNF:1
FNH:1
FNDA:3,(anonymous_0)
DA:9,1
DA:10,3
DA:12,3
DA:13,3
LF:4
LH:4
BRF:0
BRH:0
end_of_record
TN:
SF:src\app\app.providers.ts
FNF:0
FNH:0
DA:20,1
DA:33,1
LF:2
LH:2
BRF:0
BRH:0
end_of_record
TN:
SF:src\app\components\login\login.component.ts
FN:20,(anonymous_0)
FN:24,(anonymous_1)
FN:31,(anonymous_2)
FN:36,(anonymous_3)
FN:41,(anonymous_4)
FN:47,(anonymous_5)
FN:61,(anonymous_6)
FNF:7
FNH:6
FNDA:13,(anonymous_0)
FNDA:14,(anonymous_1)
FNDA:1,(anonymous_2)
FNDA:4,(anonymous_3)
FNDA:2,(anonymous_4)
FNDA:2,(anonymous_5)
FNDA:0,(anonymous_6)
DA:14,1
DA:17,13
DA:18,13
DA:20,13
DA:21,13
DA:25,14
DA:29,14
DA:30,4
DA:31,1
DA:37,4
DA:38,4
DA:40,4
DA:42,2
DA:43,2
DA:44,2
DA:45,2
DA:48,2
DA:49,2
DA:50,2
DA:51,2
DA:62,0
LF:21
LH:20
BRDA:29,0,0,4
BRF:1
BRH:1
end_of_record
TN:
SF:src\app\components\main-navigation\main-navigation.component.ts
FN:17,(anonymous_0)
FN:20,(anonymous_1)
FN:29,(anonymous_2)
FN:32,(anonymous_3)
FN:35,(anonymous_4)
FNF:5
FNH:4
FNDA:9,(anonymous_0)
FNDA:10,(anonymous_1)
FNDA:1,(anonymous_2)
FNDA:1,(anonymous_3)
FNDA:0,(anonymous_4)
DA:12,1
DA:14,9
DA:17,9
DA:18,9
DA:21,10
DA:22,9
DA:25,1
DA:30,1
DA:31,1
DA:32,1
DA:36,0
LF:11
LH:10
BRDA:21,0,0,9
BRDA:21,0,1,1
BRF:2
BRH:2
end_of_record
TN:
SF:src\app\components\register\register.component.ts
FN:20,(anonymous_0)
FN:23,(anonymous_1)
FN:33,(anonymous_2)
FN:37,(anonymous_3)
FN:42,(anonymous_4)
FN:47,(anonymous_5)
FN:47,(anonymous_6)
FN:50,(anonymous_7)
FN:64,(anonymous_8)
FNF:9
FNH:8
FNDA:16,(anonymous_0)
FNDA:17,(anonymous_1)
FNDA:1,(anonymous_2)
FNDA:4,(anonymous_3)
FNDA:2,(anonymous_4)
FNDA:2,(anonymous_5)
FNDA:2,(anonymous_6)
FNDA:2,(anonymous_7)
FNDA:0,(anonymous_8)
DA:15,1
DA:17,16
DA:18,16
DA:20,16
DA:21,16
DA:24,17
DA:32,17
DA:33,1
DA:38,4
DA:39,4
DA:41,4
DA:43,2
DA:47,2
DA:51,2
DA:52,2
DA:53,2
DA:54,2
DA:65,0
LF:18
LH:17
BRDA:32,0,0,1
BRF:1
BRH:1
end_of_record
TN:
SF:src\app\components\shopping-list\shopping-list.component.ts
FN:20,(anonymous_0)
FN:25,(anonymous_1)
FN:26,(anonymous_2)
FN:32,(anonymous_3)
FN:34,(anonymous_4)
FN:36,(anonymous_5)
FN:37,(anonymous_6)
FN:42,(anonymous_7)
FN:53,(anonymous_8)
FNF:9
FNH:9
FNDA:10,(anonymous_0)
FNDA:13,(anonymous_1)
FNDA:13,(anonymous_2)
FNDA:14,(anonymous_3)
FNDA:2,(anonymous_4)
FNDA:4,(anonymous_5)
FNDA:3,(anonymous_6)
FNDA:2,(anonymous_7)
FNDA:1,(anonymous_8)
DA:13,1
DA:20,10
DA:21,10
DA:22,10
DA:26,13
DA:27,13
DA:28,13
DA:33,14
DA:35,2
DA:36,2
DA:37,4
DA:38,3
DA:43,2
DA:54,1
LF:14
LH:14
BRDA:37,0,0,3
BRF:1
BRH:1
end_of_record
TN:
SF:src\app\components\shopping-list\add-list-item\add-list-item.component.ts
FN:33,(anonymous_0)
FN:39,(anonymous_1)
FN:49,(anonymous_2)
FN:53,(anonymous_3)
FN:61,(anonymous_4)
FN:64,(anonymous_5)
FN:75,(anonymous_6)
FN:78,(anonymous_7)
FN:81,(anonymous_8)
FN:86,(anonymous_9)
FN:93,(anonymous_10)
FN:98,(anonymous_11)
FN:105,(anonymous_12)
FN:110,(anonymous_13)
FNF:14
FNH:14
FNDA:30,(anonymous_0)
FNDA:31,(anonymous_1)
FNDA:45,(anonymous_2)
FNDA:5,(anonymous_3)
FNDA:3,(anonymous_4)
FNDA:2,(anonymous_5)
FNDA:45,(anonymous_6)
FNDA:315,(anonymous_7)
FNDA:1,(anonymous_8)
FNDA:1,(anonymous_9)
FNDA:1,(anonymous_10)
FNDA:3,(anonymous_11)
FNDA:34,(anonymous_12)
FNDA:4,(anonymous_13)
DA:16,1
DA:22,30
DA:24,30
DA:33,30
DA:34,30
DA:35,30
DA:36,30
DA:40,31
DA:47,31
DA:48,31
DA:49,45
DA:54,5
DA:62,3
DA:65,2
DA:76,45
DA:77,45
DA:78,315
DA:82,1
DA:83,1
DA:87,1
DA:88,1
DA:90,1
DA:91,1
DA:93,1
DA:94,1
DA:99,3
DA:100,3
DA:101,3
DA:102,3
DA:106,34
DA:107,34
DA:111,4
DA:112,4
DA:113,4
LF:34
LH:34
BRDA:49,0,0,45
BRDA:49,0,1,37
BRF:2
BRH:2
end_of_record
TN:
SF:src\app\components\shopping-list\edit-list-item\edit-list-item.component.ts
FN:35,(anonymous_0)
FN:41,(anonymous_1)
FN:50,(anonymous_2)
FN:55,(anonymous_3)
FN:65,(anonymous_4)
FN:69,(anonymous_5)
FN:80,(anonymous_6)
FN:86,(anonymous_7)
FN:89,(anonymous_8)
FN:92,(anonymous_9)
FN:97,(anonymous_10)
FN:104,(anonymous_11)
FN:109,(anonymous_12)
FN:115,(anonymous_13)
FN:123,(anonymous_14)
FNF:15
FNH:15
FNDA:23,(anonymous_0)
FNDA:23,(anonymous_1)
FNDA:33,(anonymous_2)
FNDA:5,(anonymous_3)
FNDA:2,(anonymous_4)
FNDA:2,(anonymous_5)
FNDA:24,(anonymous_6)
FNDA:33,(anonymous_7)
FNDA:231,(anonymous_8)
FNDA:1,(anonymous_9)
FNDA:1,(anonymous_10)
FNDA:1,(anonymous_11)
FNDA:1,(anonymous_12)
FNDA:2,(anonymous_13)
FNDA:77,(anonymous_14)
DA:18,1
DA:26,23
DA:35,23
DA:36,23
DA:37,23
DA:38,23
DA:42,23
DA:49,23
DA:50,33
DA:52,23
DA:56,5
DA:64,5
DA:66,2
DA:67,2
DA:70,2
DA:81,24
DA:82,24
DA:87,33
DA:88,33
DA:89,231
DA:93,1
DA:94,1
DA:98,1
DA:99,1
DA:101,1
DA:102,1
DA:104,1
DA:105,1
DA:110,1
DA:111,1
DA:112,1
DA:116,2
DA:117,2
DA:118,2
DA:119,2
DA:120,2
DA:124,77
DA:125,74
DA:127,3
LF:39
LH:39
BRDA:50,0,0,33
BRDA:50,0,1,3
BRDA:81,1,0,24
BRDA:124,2,0,74
BRDA:124,2,1,3
BRDA:124,3,0,77
BRDA:124,3,1,76
BRF:7
BRH:7
end_of_record
TN:
SF:src\app\components\shopping-list\list-item\list-item.component.ts
FN:23,(anonymous_0)
FN:25,(anonymous_1)
FN:27,(anonymous_2)
FN:29,(anonymous_3)
FN:32,(anonymous_4)
FN:43,(anonymous_5)
FN:47,(anonymous_6)
FN:50,(anonymous_7)
FN:51,(anonymous_8)
FNF:9
FNH:8
FNDA:22,(anonymous_0)
FNDA:22,(anonymous_1)
FNDA:4,(anonymous_2)
FNDA:2,(anonymous_3)
FNDA:2,(anonymous_4)
FNDA:1,(anonymous_5)
FNDA:2,(anonymous_6)
FNDA:0,(anonymous_7)
FNDA:1,(anonymous_8)
DA:12,1
DA:21,22
DA:23,22
DA:28,4
DA:30,2
DA:33,2
DA:44,1
DA:48,2
DA:49,2
DA:52,1
DA:53,1
LF:11
LH:11
BRF:0
BRH:0
end_of_record
TN:
SF:src\app\components\user-lists\user-lists.component.ts
FN:19,(anonymous_0)
FN:24,(anonymous_1)
FN:32,(anonymous_2)
FN:36,(anonymous_3)
FN:38,(anonymous_4)
FN:39,(anonymous_5)
FN:40,(anonymous_6)
FN:47,(anonymous_7)
FNF:8
FNH:8
FNDA:11,(anonymous_0)
FNDA:15,(anonymous_1)
FNDA:1,(anonymous_2)
FNDA:4,(anonymous_3)
FNDA:2,(anonymous_4)
FNDA:5,(anonymous_5)
FNDA:5,(anonymous_6)
FNDA:2,(anonymous_7)
DA:15,1
DA:19,11
DA:20,11
DA:21,11
DA:25,15
DA:26,12
DA:28,3
DA:33,1
DA:37,4
DA:39,2
DA:40,5
DA:41,5
DA:43,4
DA:48,2
LF:14
LH:14
BRDA:25,0,0,12
BRDA:25,0,1,3
BRDA:40,1,0,4
BRF:3
BRH:3
end_of_record
TN:
SF:src\app\components\user-lists\add-user-list\add-user-list.component.ts
FN:22,(anonymous_0)
FN:26,(anonymous_1)
FN:33,(anonymous_2)
FN:38,(anonymous_3)
FN:41,(anonymous_4)
FN:53,(anonymous_5)
FN:58,(anonymous_6)
FNF:7
FNH:7
FNDA:25,(anonymous_0)
FNDA:25,(anonymous_1)
FNDA:5,(anonymous_2)
FNDA:2,(anonymous_3)
FNDA:2,(anonymous_4)
FNDA:4,(anonymous_5)
FNDA:1,(anonymous_6)
DA:15,1
DA:18,25
DA:22,25
DA:23,25
DA:27,25
DA:34,5
DA:35,5
DA:37,5
DA:39,2
DA:42,2
DA:50,5
DA:54,4
DA:55,4
DA:59,1
DA:60,1
LF:15
LH:15
BRF:0
BRH:0
end_of_record
TN:
SF:src\app\components\user-lists\edit-user-list\edit-user-list.component.ts
FN:26,(anonymous_0)
FN:30,(anonymous_1)
FN:37,(anonymous_2)
FN:44,(anonymous_3)
FN:48,(anonymous_4)
FN:60,(anonymous_5)
FN:65,(anonymous_6)
FNF:7
FNH:7
FNDA:16,(anonymous_0)
FNDA:16,(anonymous_1)
FNDA:5,(anonymous_2)
FNDA:2,(anonymous_3)
FNDA:2,(anonymous_4)
FNDA:17,(anonymous_5)
FNDA:2,(anonymous_6)
DA:16,1
DA:26,16
DA:27,16
DA:31,16
DA:38,5
DA:43,5
DA:45,2
DA:46,2
DA:49,2
DA:61,17
DA:62,17
DA:66,2
DA:67,2
LF:13
LH:13
BRF:0
BRH:0
end_of_record
TN:
SF:src\app\components\user-lists\user-list\user-list.component.ts
FN:26,(anonymous_0)
FN:29,(anonymous_1)
FN:31,(anonymous_2)
FN:36,(anonymous_3)
FN:38,(anonymous_4)
FN:41,(anonymous_5)
FNF:6
FNH:6
FNDA:18,(anonymous_0)
FNDA:18,(anonymous_1)
FNDA:1,(anonymous_2)
FNDA:4,(anonymous_3)
FNDA:2,(anonymous_4)
FNDA:2,(anonymous_5)
DA:15,1
DA:24,18
DA:26,18
DA:27,18
DA:32,1
DA:37,4
DA:39,2
DA:42,2
LF:8
LH:8
BRF:0
BRH:0
end_of_record
TN:
SF:src\app\models\custom-date-formats.ts
FNF:0
FNH:0
DA:1,1
LF:1
LH:1
BRF:0
BRH:0
end_of_record
TN:
SF:src\app\models\item.ts
FN:12,(anonymous_0)
FNF:1
FNH:1
FNDA:49,(anonymous_0)
DA:9,49
DA:10,49
DA:13,49
DA:14,49
DA:15,49
DA:16,49
DA:17,49
DA:18,49
DA:19,49
LF:9
LH:9
BRF:0
BRH:0
end_of_record
TN:
SF:src\app\models\list.ts
FN:7,(anonymous_0)
FNF:1
FNH:1
FNDA:39,(anonymous_0)
DA:4,39
DA:8,39
DA:9,39
DA:10,39
LF:4
LH:4
BRF:0
BRH:0
end_of_record
TN:
SF:src\app\services\commonProductsService.ts
FN:3,(anonymous_0)
FNF:1
FNH:1
FNDA:53,(anonymous_0)
DA:4,53
LF:1
LH:1
BRF:0
BRH:0
end_of_record
TN:
SF:src\app\services\item.service.ts
FN:20,(anonymous_0)
FN:22,(anonymous_1)
FN:31,(anonymous_2)
FN:40,(anonymous_3)
FN:44,(anonymous_4)
FNF:5
FNH:5
FNDA:70,(anonymous_0)
FNDA:3,(anonymous_1)
FNDA:3,(anonymous_2)
FNDA:3,(anonymous_3)
FNDA:13,(anonymous_4)
DA:9,1
DA:11,1
DA:18,1
DA:20,70
DA:23,3
DA:24,3
DA:25,3
DA:26,3
DA:28,3
DA:32,3
DA:33,3
DA:34,3
DA:35,3
DA:37,3
DA:41,3
DA:45,13
LF:16
LH:16
BRDA:24,0,0,3
BRDA:33,1,0,3
BRF:2
BRH:2
end_of_record
TN:
SF:src\app\services\unitService.ts
FN:3,(anonymous_0)
FN:7,(anonymous_1)
FNF:2
FNH:2
FNDA:53,(anonymous_0)
FNDA:81,(anonymous_1)
DA:4,53
DA:8,81
LF:2
LH:2
BRF:0
BRH:0
end_of_record
TN:
SF:src\app\services\user-lists.service.ts
FN:20,(anonymous_0)
FN:22,(anonymous_1)
FN:26,(anonymous_2)
FN:30,(anonymous_3)
FN:34,(anonymous_4)
FNF:5
FNH:5
FNDA:53,(anonymous_0)
FNDA:3,(anonymous_1)
FNDA:3,(anonymous_2)
FNDA:3,(anonymous_3)
FNDA:3,(anonymous_4)
DA:9,1
DA:11,1
DA:18,1
DA:20,53
DA:23,3
DA:27,3
DA:31,3
DA:35,3
LF:8
LH:8
BRF:0
BRH:0
end_of_record
TN:
SF:src\app\services\auth\auth.service.ts
FN:18,(anonymous_0)
FN:20,(anonymous_1)
FN:26,(anonymous_2)
FN:34,(anonymous_3)
FNF:4
FNH:4
FNDA:42,(anonymous_0)
FNDA:3,(anonymous_1)
FNDA:3,(anonymous_2)
FNDA:1,(anonymous_3)
DA:8,1
DA:10,1
DA:17,1
DA:18,42
DA:21,3
DA:27,3
DA:35,1
LF:7
LH:7
BRF:0
BRH:0
end_of_record
TN:
SF:src\app\services\auth\storage.service.ts
FN:9,(anonymous_0)
FN:11,(anonymous_1)
FN:15,(anonymous_2)
FN:20,(anonymous_3)
FN:29,(anonymous_4)
FNF:5
FNH:5
FNDA:56,(anonymous_0)
FNDA:4,(anonymous_1)
FNDA:5,(anonymous_2)
FNDA:4,(anonymous_3)
FNDA:53,(anonymous_4)
DA:3,1
DA:8,1
DA:12,4
DA:16,5
DA:17,5
DA:21,4
DA:22,4
DA:23,2
DA:26,2
DA:30,53
DA:31,53
LF:11
LH:11
BRDA:22,0,0,2
BRF:1
BRH:1
end_of_record
TN:
SF:src\app\validators\CustomValidator.ts
FN:4,(anonymous_0)
FN:5,(anonymous_1)
FNF:2
FNH:2
FNDA:17,(anonymous_0)
FNDA:100,(anonymous_1)
DA:5,17
DA:6,100
DA:7,100
DA:9,100
DA:10,9
DA:11,9
DA:13,91
LF:7
LH:7
BRDA:9,0,0,9
BRDA:9,0,1,91
BRF:2
BRH:2
end_of_record
